Using pre-set license
Built from '2021.3/staging' branch; Version is '2021.3.4f1 (cb45f9cae8b7) revision 13321721'; Using compiler version '192829333'; Build Type 'Release'
OS: 'Windows 10  (10.0.19045) 64bit Professional' Language: 'hu' Physical Memory: 16075 MB
BatchMode: 1, IsHumanControllingUs: 0, StartBugReporterOnCrash: 0, Is64bit: 1, IsPro: 1

COMMAND LINE ARGUMENTS:
C:\Program Files\Unity\Hub\Editor\2021.3.4f1\Editor\Unity.exe
-adb2
-batchMode
-noUpm
-name
AssetImportWorker0
-projectPath
C:/Users/gob-boi/Documents/GitHub/Mario-Remake/Mario Remake
-logFile
Logs/AssetImportWorker0.log
-srvPort
56202
Successfully changed project path to: C:/Users/gob-boi/Documents/GitHub/Mario-Remake/Mario Remake
C:/Users/gob-boi/Documents/GitHub/Mario-Remake/Mario Remake
[UnityMemory] Configuration Parameters - Can be set up in boot.config
    "memorysetup-bucket-allocator-granularity=16"
    "memorysetup-bucket-allocator-bucket-count=8"
    "memorysetup-bucket-allocator-block-size=33554432"
    "memorysetup-bucket-allocator-block-count=8"
    "memorysetup-main-allocator-block-size=16777216"
    "memorysetup-thread-allocator-block-size=16777216"
    "memorysetup-gfx-main-allocator-block-size=16777216"
    "memorysetup-gfx-thread-allocator-block-size=16777216"
    "memorysetup-cache-allocator-block-size=4194304"
    "memorysetup-typetree-allocator-block-size=2097152"
    "memorysetup-profiler-bucket-allocator-granularity=16"
    "memorysetup-profiler-bucket-allocator-bucket-count=8"
    "memorysetup-profiler-bucket-allocator-block-size=33554432"
    "memorysetup-profiler-bucket-allocator-block-count=8"
    "memorysetup-profiler-allocator-block-size=16777216"
    "memorysetup-profiler-editor-allocator-block-size=1048576"
    "memorysetup-temp-allocator-size-main=16777216"
    "memorysetup-job-temp-allocator-block-size=2097152"
    "memorysetup-job-temp-allocator-block-size-background=1048576"
    "memorysetup-job-temp-allocator-reduction-small-platforms=262144"
    "memorysetup-temp-allocator-size-background-worker=32768"
    "memorysetup-temp-allocator-size-job-worker=262144"
    "memorysetup-temp-allocator-size-preload-manager=33554432"
    "memorysetup-temp-allocator-size-nav-mesh-worker=65536"
    "memorysetup-temp-allocator-size-audio-worker=65536"
    "memorysetup-temp-allocator-size-cloud-worker=32768"
    "memorysetup-temp-allocator-size-gi-baking-worker=262144"
    "memorysetup-temp-allocator-size-gfx=262144"
Refreshing native plugins compatible for Editor in 215.24 ms, found 3 plugins.
Preloading 0 native plugins for Editor in 0.00 ms.
Initialize engine version: 2021.3.4f1 (cb45f9cae8b7)
[Subsystems] Discovering subsystems at path C:/Program Files/Unity/Hub/Editor/2021.3.4f1/Editor/Data/Resources/UnitySubsystems
[Subsystems] Discovering subsystems at path C:/Users/gob-boi/Documents/GitHub/Mario-Remake/Mario Remake/Assets
GfxDevice: creating device client; threaded=0; jobified=0
Direct3D:
    Version:  Direct3D 11.0 [level 11.1]
    Renderer: NVIDIA GeForce RTX 3050 Laptop GPU (ID=0x25a2)
    Vendor:   NVIDIA
    VRAM:     3980 MB
    Driver:   31.0.15.4680
Initialize mono
Mono path[0] = 'C:/Program Files/Unity/Hub/Editor/2021.3.4f1/Editor/Data/Managed'
Mono path[1] = 'C:/Program Files/Unity/Hub/Editor/2021.3.4f1/Editor/Data/MonoBleedingEdge/lib/mono/unityjit-win32'
Mono config path = 'C:/Program Files/Unity/Hub/Editor/2021.3.4f1/Editor/Data/MonoBleedingEdge/etc'
Using monoOptions --debugger-agent=transport=dt_socket,embedding=1,server=y,suspend=n,address=127.0.0.1:56648
Begin MonoManager ReloadAssembly
Registering precompiled unity dll's ...
Register platform support module: C:/Program Files/Unity/Hub/Editor/2021.3.4f1/Editor/Data/PlaybackEngines/WebGLSupport/UnityEditor.WebGL.Extensions.dll
Register platform support module: C:/Program Files/Unity/Hub/Editor/2021.3.4f1/Editor/Data/PlaybackEngines/WindowsStandaloneSupport/UnityEditor.WindowsStandalone.Extensions.dll
Registered in 0.005103 seconds.
Native extension for WindowsStandalone target not found
Native extension for WebGL target not found
Refreshing native plugins compatible for Editor in 149.85 ms, found 3 plugins.
Preloading 0 native plugins for Editor in 0.00 ms.
Mono: successfully reloaded assembly
- Completed reload, in  0.902 seconds
Domain Reload Profiling:
	ReloadAssembly (903ms)
		BeginReloadAssembly (117ms)
			ExecutionOrderSort (0ms)
			DisableScriptedObjects (0ms)
			BackupInstance (0ms)
			ReleaseScriptingObjects (0ms)
			CreateAndSetChildDomain (1ms)
		EndReloadAssembly (650ms)
			LoadAssemblies (116ms)
			RebuildTransferFunctionScriptingTraits (0ms)
			SetupTypeCache (164ms)
			ReleaseScriptCaches (0ms)
			RebuildScriptCaches (41ms)
			SetupLoadedEditorAssemblies (383ms)
				LogAssemblyErrors (0ms)
				InitializePlatformSupportModulesInManaged (13ms)
				SetLoadedEditorAssemblies (0ms)
				RefreshPlugins (150ms)
				BeforeProcessingInitializeOnLoad (1ms)
				ProcessInitializeOnLoadAttributes (164ms)
				ProcessInitializeOnLoadMethodAttributes (54ms)
				AfterProcessingInitializeOnLoad (0ms)
				EditorAssembliesLoaded (0ms)
			ExecutionOrderSort2 (0ms)
			AwakeInstancesAfterBackupRestoration (0ms)
Platform modules already initialized, skipping
Registering precompiled user dll's ...
Registered in 0.007122 seconds.
Begin MonoManager ReloadAssembly
Native extension for WindowsStandalone target not found
Native extension for WebGL target not found
Refreshing native plugins compatible for Editor in 135.32 ms, found 3 plugins.
Preloading 0 native plugins for Editor in 0.00 ms.
Package Manager log level set to [2]
Mono: successfully reloaded assembly
- Completed reload, in  1.710 seconds
Domain Reload Profiling:
	ReloadAssembly (1711ms)
		BeginReloadAssembly (160ms)
			ExecutionOrderSort (0ms)
			DisableScriptedObjects (8ms)
			BackupInstance (0ms)
			ReleaseScriptingObjects (0ms)
			CreateAndSetChildDomain (27ms)
		EndReloadAssembly (1398ms)
			LoadAssemblies (107ms)
			RebuildTransferFunctionScriptingTraits (0ms)
			SetupTypeCache (335ms)
			ReleaseScriptCaches (2ms)
			RebuildScriptCaches (71ms)
			SetupLoadedEditorAssemblies (833ms)
				LogAssemblyErrors (0ms)
				InitializePlatformSupportModulesInManaged (6ms)
				SetLoadedEditorAssemblies (0ms)
				RefreshPlugins (135ms)
				BeforeProcessingInitializeOnLoad (162ms)
				ProcessInitializeOnLoadAttributes (300ms)
				ProcessInitializeOnLoadMethodAttributes (226ms)
				AfterProcessingInitializeOnLoad (4ms)
				EditorAssembliesLoaded (0ms)
			ExecutionOrderSort2 (0ms)
			AwakeInstancesAfterBackupRestoration (7ms)
Platform modules already initialized, skipping
========================================================================
Worker process is ready to serve import requests
Launched and connected shader compiler UnityShaderCompiler.exe after 0.05 seconds
Refreshing native plugins compatible for Editor in 1.35 ms, found 3 plugins.
Preloading 0 native plugins for Editor in 0.00 ms.
Unloading 5658 Unused Serialized files (Serialized files now loaded: 0)
Unloading 73 unused Assets / (0.7 MB). Loaded Objects now: 6080.
Memory consumption went from 213.7 MB to 213.0 MB.
Total: 8.493700 ms (FindLiveObjects: 0.518000 ms CreateObjectMapping: 0.339900 ms MarkObjects: 7.149400 ms  DeleteObjects: 0.483900 ms)

AssetImportParameters requested are different than current active one (requested -> active):
  custom:video-decoder-ogg-theora: a1e56fd34408186e4bbccfd4996cb3dc -> 
  custom:container-muxer-webm: aa71ff27fc2769a1b78a27578f13a17b -> 
  custom:container-demuxer-webm: 4f35f7cbe854078d1ac9338744f61a02 -> 
  custom:video-encoder-webm-vp8: eb34c28f22e8b96e1ab97ce403110664 -> 
  custom:audio-encoder-webm-vorbis: bf7c407c2cedff20999df2af8eb42d56 -> 
  custom:framework-win-MediaFoundation: 216162199b28c13a410421893ffa2e32 -> 
  custom:container-demuxer-ogg: 62fdf1f143b41e24485cea50d1cbac27 -> 
  custom:video-decoder-webm-vp8: 9c59270c3fd7afecdb556c50c9e8de78 -> 
  custom:audio-decoder-ogg-vorbis: bf7c407c2cedff20999df2af8eb42d56 -> 
========================================================================
Received Import Request.
  Time since last request: 838468.017179 seconds.
  path: Assets/Readme.asset
  artifactKey: Guid(8105016687592461f977c054a80ce2f2) Importer(815301076,1909f56bfc062723c751e8b465ee728b)
Start importing Assets/Readme.asset using Guid(8105016687592461f977c054a80ce2f2) Importer(815301076,1909f56bfc062723c751e8b465ee728b)  -> (artifact id: '0f2f2b655bf21bdea72856b1c39a4a32') in 0.057391 seconds 
========================================================================
Received Import Request.
  Time since last request: 54.103660 seconds.
  path: Assets/Mario.fbx
  artifactKey: Guid(20443a0a48d28cd46901b3fc3a9bb60f) Importer(815301076,1909f56bfc062723c751e8b465ee728b)
Start importing Assets/Mario.fbx using Guid(20443a0a48d28cd46901b3fc3a9bb60f) Importer(815301076,1909f56bfc062723c751e8b465ee728b)  -> (artifact id: '0c9d7c271d625d89148bd1f78fc06d27') in 1.345169 seconds 
========================================================================
Received Import Request.
  Time since last request: 10.770713 seconds.
  path: Assets/Mario.fbx
  artifactKey: Guid(20443a0a48d28cd46901b3fc3a9bb60f) Importer(815301076,1909f56bfc062723c751e8b465ee728b)
Start importing Assets/Mario.fbx using Guid(20443a0a48d28cd46901b3fc3a9bb60f) Importer(815301076,1909f56bfc062723c751e8b465ee728b)  -> (artifact id: '02ec4380ed649a1620f6c278998b6b4d') in 0.059560 seconds 
========================================================================
Received Import Request.
  Time since last request: 2.145614 seconds.
  path: Assets/Mario.fbx
  artifactKey: Guid(20443a0a48d28cd46901b3fc3a9bb60f) Importer(815301076,1909f56bfc062723c751e8b465ee728b)
Start importing Assets/Mario.fbx using Guid(20443a0a48d28cd46901b3fc3a9bb60f) Importer(815301076,1909f56bfc062723c751e8b465ee728b)  -> (artifact id: '112fb9973d65a3f94278bda31f701922') in 0.055179 seconds 
========================================================================
Received Import Request.
  Time since last request: 14.399120 seconds.
  path: Assets/BLK64.png
  artifactKey: Guid(64dcaa4ee7ca5f84c916493aaa0289c2) Importer(815301076,1909f56bfc062723c751e8b465ee728b)
Start importing Assets/BLK64.png using Guid(64dcaa4ee7ca5f84c916493aaa0289c2) Importer(815301076,1909f56bfc062723c751e8b465ee728b)  -> (artifact id: '845f690fee7553bcac25b935a5742faf') in 0.028938 seconds 
========================================================================
Received Import Request.
  Time since last request: 16.057531 seconds.
  path: Assets/BLK64.mat
  artifactKey: Guid(44094cf77e428104dba667fe9d9b390b) Importer(815301076,1909f56bfc062723c751e8b465ee728b)
Start importing Assets/BLK64.mat using Guid(44094cf77e428104dba667fe9d9b390b) Importer(815301076,1909f56bfc062723c751e8b465ee728b)  -> (artifact id: 'a87bc603e9f2bb46feab8d64e6b5f5ae') in 0.020581 seconds 
========================================================================
Received Import Request.
  Time since last request: 24.700286 seconds.
  path: Assets/MarioTex.png
  artifactKey: Guid(8dc9b8fc4a9452c42a33f6facea62f51) Importer(815301076,1909f56bfc062723c751e8b465ee728b)
Start importing Assets/MarioTex.png using Guid(8dc9b8fc4a9452c42a33f6facea62f51) Importer(815301076,1909f56bfc062723c751e8b465ee728b)  -> (artifact id: '35117d047d695e583ee7ec0013d18685') in 0.020632 seconds 
========================================================================
Received Import Request.
  Time since last request: 2.797157 seconds.
  path: Assets/BLK64 1.mat
  artifactKey: Guid(5c75f8613e199204cb76d5e7ba042264) Importer(815301076,1909f56bfc062723c751e8b465ee728b)
Start importing Assets/BLK64 1.mat using Guid(5c75f8613e199204cb76d5e7ba042264) Importer(815301076,1909f56bfc062723c751e8b465ee728b)  -> (artifact id: 'ab2b81f6a87592fa05c217c40b5cdfe5') in 0.107338 seconds 
========================================================================
Received Import Request.
  Time since last request: 5.158993 seconds.
  path: Assets/MarioTex.mat
  artifactKey: Guid(5c75f8613e199204cb76d5e7ba042264) Importer(815301076,1909f56bfc062723c751e8b465ee728b)
Start importing Assets/MarioTex.mat using Guid(5c75f8613e199204cb76d5e7ba042264) Importer(815301076,1909f56bfc062723c751e8b465ee728b)  -> (artifact id: '3947ed01087368b8ea8aad9dada035b0') in 0.022695 seconds 
========================================================================
Received Import Request.
  Time since last request: 10.452614 seconds.
  path: Assets/MarioTex.png
  artifactKey: Guid(8dc9b8fc4a9452c42a33f6facea62f51) Importer(815301076,1909f56bfc062723c751e8b465ee728b)
Start importing Assets/MarioTex.png using Guid(8dc9b8fc4a9452c42a33f6facea62f51) Importer(815301076,1909f56bfc062723c751e8b465ee728b)  -> (artifact id: '19b786002de6ac4eaf4c94a0d021310a') in 0.036114 seconds 
========================================================================
Received Import Request.
  Time since last request: 9.587716 seconds.
  path: Assets/MarioTex.png
  artifactKey: Guid(8dc9b8fc4a9452c42a33f6facea62f51) Importer(815301076,1909f56bfc062723c751e8b465ee728b)
Start importing Assets/MarioTex.png using Guid(8dc9b8fc4a9452c42a33f6facea62f51) Importer(815301076,1909f56bfc062723c751e8b465ee728b)  -> (artifact id: '37947e2f7daf5d0f1430e49c78118b09') in 0.012054 seconds 
========================================================================
Received Import Request.
  Time since last request: 2.636987 seconds.
  path: Assets/MarioTex.png
  artifactKey: Guid(8dc9b8fc4a9452c42a33f6facea62f51) Importer(815301076,1909f56bfc062723c751e8b465ee728b)
Start importing Assets/MarioTex.png using Guid(8dc9b8fc4a9452c42a33f6facea62f51) Importer(815301076,1909f56bfc062723c751e8b465ee728b)  -> (artifact id: 'e8ab8e42db749648f629e819e7a4146a') in 0.010982 seconds 
========================================================================
Received Import Request.
  Time since last request: 16.396965 seconds.
  path: Assets/MarioTex.png
  artifactKey: Guid(8dc9b8fc4a9452c42a33f6facea62f51) Importer(815301076,1909f56bfc062723c751e8b465ee728b)
Start importing Assets/MarioTex.png using Guid(8dc9b8fc4a9452c42a33f6facea62f51) Importer(815301076,1909f56bfc062723c751e8b465ee728b)  -> (artifact id: 'f4a1c66559f131021a263eada154c443') in 0.019668 seconds 
========================================================================
Received Import Request.
  Time since last request: 4.706899 seconds.
  path: Assets/MarioTex.png
  artifactKey: Guid(8dc9b8fc4a9452c42a33f6facea62f51) Importer(815301076,1909f56bfc062723c751e8b465ee728b)
Start importing Assets/MarioTex.png using Guid(8dc9b8fc4a9452c42a33f6facea62f51) Importer(815301076,1909f56bfc062723c751e8b465ee728b)  -> (artifact id: '3d33a94be8e46e5849e022a99b790b58') in 0.011511 seconds 
========================================================================
Received Import Request.
  Time since last request: 6.144042 seconds.
  path: Assets/MarioTex.png
  artifactKey: Guid(8dc9b8fc4a9452c42a33f6facea62f51) Importer(815301076,1909f56bfc062723c751e8b465ee728b)
Start importing Assets/MarioTex.png using Guid(8dc9b8fc4a9452c42a33f6facea62f51) Importer(815301076,1909f56bfc062723c751e8b465ee728b)  -> (artifact id: 'b37c925d2c4691230903ae84609f3909') in 0.039071 seconds 
========================================================================
Received Import Request.
  Time since last request: 14.878738 seconds.
  path: Assets/MarioTex.png
  artifactKey: Guid(8dc9b8fc4a9452c42a33f6facea62f51) Importer(815301076,1909f56bfc062723c751e8b465ee728b)
Start importing Assets/MarioTex.png using Guid(8dc9b8fc4a9452c42a33f6facea62f51) Importer(815301076,1909f56bfc062723c751e8b465ee728b)  -> (artifact id: '8d3a9bf41d8de70a46a6047bbc670d59') in 0.009880 seconds 
========================================================================
Received Import Request.
  Time since last request: 38.948187 seconds.
  path: Assets/MarioTex.png
  artifactKey: Guid(8dc9b8fc4a9452c42a33f6facea62f51) Importer(815301076,1909f56bfc062723c751e8b465ee728b)
Start importing Assets/MarioTex.png using Guid(8dc9b8fc4a9452c42a33f6facea62f51) Importer(815301076,1909f56bfc062723c751e8b465ee728b)  -> (artifact id: '299cddb8c55aa9663786cbf2837e2d48') in 0.026878 seconds 
========================================================================
Received Import Request.
  Time since last request: 52.394508 seconds.
  path: Assets/MarioTex.mat
  artifactKey: Guid(5c75f8613e199204cb76d5e7ba042264) Importer(815301076,1909f56bfc062723c751e8b465ee728b)
Start importing Assets/MarioTex.mat using Guid(5c75f8613e199204cb76d5e7ba042264) Importer(815301076,1909f56bfc062723c751e8b465ee728b)  -> (artifact id: 'bbe2acfb609657c6ae8cf5ccec23c65e') in 0.019449 seconds 
========================================================================
Received Import Request.
  Time since last request: 78.116854 seconds.
  path: Assets/Mario.fbx
  artifactKey: Guid(20443a0a48d28cd46901b3fc3a9bb60f) Importer(815301076,1909f56bfc062723c751e8b465ee728b)
Start importing Assets/Mario.fbx using Guid(20443a0a48d28cd46901b3fc3a9bb60f) Importer(815301076,1909f56bfc062723c751e8b465ee728b)  -> (artifact id: '3fab3e4784de6c7e6eccf7b9820a4ca5') in 0.060663 seconds 
========================================================================
Received Import Request.
  Time since last request: 21.970028 seconds.
  path: Assets/MarioTex.mat
  artifactKey: Guid(5c75f8613e199204cb76d5e7ba042264) Importer(815301076,1909f56bfc062723c751e8b465ee728b)
Start importing Assets/MarioTex.mat using Guid(5c75f8613e199204cb76d5e7ba042264) Importer(815301076,1909f56bfc062723c751e8b465ee728b)  -> (artifact id: 'e8bc4b147299b1758b58fb5633e37510') in 0.024369 seconds 
========================================================================
Received Import Request.
  Time since last request: 3.491354 seconds.
  path: Assets/MarioTex.mat
  artifactKey: Guid(5c75f8613e199204cb76d5e7ba042264) Importer(815301076,1909f56bfc062723c751e8b465ee728b)
Start importing Assets/MarioTex.mat using Guid(5c75f8613e199204cb76d5e7ba042264) Importer(815301076,1909f56bfc062723c751e8b465ee728b)  -> (artifact id: 'cef212a746f83b99c54c8595e4db523a') in 0.021000 seconds 
========================================================================
Received Import Request.
  Time since last request: 3.783833 seconds.
  path: Assets/MarioTex.png
  artifactKey: Guid(8dc9b8fc4a9452c42a33f6facea62f51) Importer(815301076,1909f56bfc062723c751e8b465ee728b)
Start importing Assets/MarioTex.png using Guid(8dc9b8fc4a9452c42a33f6facea62f51) Importer(815301076,1909f56bfc062723c751e8b465ee728b)  -> (artifact id: '20c34c1aeab009c1905d2cbcc5d8b271') in 0.020078 seconds 
========================================================================
Received Import Request.
  Time since last request: 0.000032 seconds.
  path: Assets/MarioTex.mat
  artifactKey: Guid(5c75f8613e199204cb76d5e7ba042264) Importer(815301076,1909f56bfc062723c751e8b465ee728b)
Start importing Assets/MarioTex.mat using Guid(5c75f8613e199204cb76d5e7ba042264) Importer(815301076,1909f56bfc062723c751e8b465ee728b)  -> (artifact id: '626663d63bb059f1fd3d6e77a5561059') in 0.020951 seconds 
========================================================================
Received Import Request.
  Time since last request: 10.902050 seconds.
  path: Assets/MarioTex.png
  artifactKey: Guid(8dc9b8fc4a9452c42a33f6facea62f51) Importer(815301076,1909f56bfc062723c751e8b465ee728b)
Start importing Assets/MarioTex.png using Guid(8dc9b8fc4a9452c42a33f6facea62f51) Importer(815301076,1909f56bfc062723c751e8b465ee728b)  -> (artifact id: '4563d9299d9249332c081cdf9b8f3249') in 0.012359 seconds 
========================================================================
Received Import Request.
  Time since last request: 0.002414 seconds.
  path: Assets/MarioTex.mat
  artifactKey: Guid(5c75f8613e199204cb76d5e7ba042264) Importer(815301076,1909f56bfc062723c751e8b465ee728b)
Start importing Assets/MarioTex.mat using Guid(5c75f8613e199204cb76d5e7ba042264) Importer(815301076,1909f56bfc062723c751e8b465ee728b)  -> (artifact id: '01590d255dd383f4fdc77f4eaabc1032') in 0.022659 seconds 
========================================================================
Received Import Request.
  Time since last request: 19.396215 seconds.
  path: Assets/MarioTex.png
  artifactKey: Guid(8dc9b8fc4a9452c42a33f6facea62f51) Importer(815301076,1909f56bfc062723c751e8b465ee728b)
Start importing Assets/MarioTex.png using Guid(8dc9b8fc4a9452c42a33f6facea62f51) Importer(815301076,1909f56bfc062723c751e8b465ee728b)  -> (artifact id: 'e484ee34f0221bfe0713b4658e288966') in 0.016456 seconds 
========================================================================
Received Import Request.
  Time since last request: 0.000033 seconds.
  path: Assets/MarioTex.mat
  artifactKey: Guid(5c75f8613e199204cb76d5e7ba042264) Importer(815301076,1909f56bfc062723c751e8b465ee728b)
Start importing Assets/MarioTex.mat using Guid(5c75f8613e199204cb76d5e7ba042264) Importer(815301076,1909f56bfc062723c751e8b465ee728b)  -> (artifact id: '26102f401f9dde1f6c5cc019360994e9') in 0.029819 seconds 
========================================================================
Received Import Request.
  Time since last request: 3.419436 seconds.
  path: Assets/MarioTex.png
  artifactKey: Guid(8dc9b8fc4a9452c42a33f6facea62f51) Importer(815301076,1909f56bfc062723c751e8b465ee728b)
Start importing Assets/MarioTex.png using Guid(8dc9b8fc4a9452c42a33f6facea62f51) Importer(815301076,1909f56bfc062723c751e8b465ee728b)  -> (artifact id: '11203472af52ee20b32993d64a9b4eef') in 0.018836 seconds 
========================================================================
Received Import Request.
  Time since last request: 31.266831 seconds.
  path: Assets/MarioTex.mat
  artifactKey: Guid(5c75f8613e199204cb76d5e7ba042264) Importer(815301076,1909f56bfc062723c751e8b465ee728b)
Start importing Assets/MarioTex.mat using Guid(5c75f8613e199204cb76d5e7ba042264) Importer(815301076,1909f56bfc062723c751e8b465ee728b)  -> (artifact id: '364a23e5d9749d5ca494e3e29d013b97') in 0.034018 seconds 
========================================================================
Received Prepare
Registering precompiled user dll's ...
Registered in 0.006188 seconds.
ArgumentException: An item with the same key has already been added. Key: 00000000000000000000000000000000
  at System.Collections.Generic.Dictionary`2[TKey,TValue].TryInsert (TKey key, TValue value, System.Collections.Generic.InsertionBehavior behavior) [0x0015a] in <d4cde64232cf45659d86aafa597faa77>:0 
  at System.Collections.Generic.Dictionary`2[TKey,TValue].Add (TKey key, TValue value) [0x00000] in <d4cde64232cf45659d86aafa597faa77>:0 
  at System.Linq.Enumerable.ToDictionary[TSource,TKey] (TSource[] source, System.Func`2[T,TResult] keySelector, System.Collections.Generic.IEqualityComparer`1[T] comparer) [0x0001c] in <599ef6b6d50f4e488ca73e2010b52436>:0 
  at System.Linq.Enumerable.ToDictionary[TSource,TKey] (System.Collections.Generic.IEnumerable`1[T] source, System.Func`2[T,TResult] keySelector, System.Collections.Generic.IEqualityComparer`1[T] comparer) [0x00043] in <599ef6b6d50f4e488ca73e2010b52436>:0 
  at System.Linq.Enumerable.ToDictionary[TSource,TKey] (System.Collections.Generic.IEnumerable`1[T] source, System.Func`2[T,TResult] keySelector) [0x00000] in <599ef6b6d50f4e488ca73e2010b52436>:0 
  at UnityEditor.Scripting.ScriptCompilation.LoadingAssemblyDefinition.SetAllCustomScriptAssemblyReferenceJsonsContents (System.String[] paths, System.String[] contents) [0x00172] in <36f62d8e760b48f7af5d32916f997ce1>:0 
UnityEngine.DebugLogHandler:Internal_LogException(Exception, Object)
UnityEngine.DebugLogHandler:LogException(Exception, Object)
UnityEngine.Logger:LogException(Exception, Object)
UnityEngine.Debug:LogException(Exception)
UnityEditor.Scripting.ScriptCompilation.EditorCompilationInterface:LogException(Exception)
UnityEditor.Scripting.ScriptCompilation.EditorCompilationInterface:EmitExceptionsAsErrors(Exception[])
UnityEditor.Scripting.ScriptCompilation.EditorCompilationInterface:SetAllCustomScriptAssemblyReferenceJsons(String[], String[])

ArgumentException: An item with the same key has already been added. Key: 00000000000000000000000000000000
  at System.Collections.Generic.Dictionary`2[TKey,TValue].TryInsert (TKey key, TValue value, System.Collections.Generic.InsertionBehavior behavior) [0x0015a] in <d4cde64232cf45659d86aafa597faa77>:0 
  at System.Collections.Generic.Dictionary`2[TKey,TValue].Add (TKey key, TValue value) [0x00000] in <d4cde64232cf45659d86aafa597faa77>:0 
  at System.Linq.Enumerable.ToDictionary[TSource,TKey] (TSource[] source, System.Func`2[T,TResult] keySelector, System.Collections.Generic.IEqualityComparer`1[T] comparer) [0x0001c] in <599ef6b6d50f4e488ca73e2010b52436>:0 
  at System.Linq.Enumerable.ToDictionary[TSource,TKey] (System.Collections.Generic.IEnumerable`1[T] source, System.Func`2[T,TResult] keySelector, System.Collections.Generic.IEqualityComparer`1[T] comparer) [0x00043] in <599ef6b6d50f4e488ca73e2010b52436>:0 
  at System.Linq.Enumerable.ToDictionary[TSource,TKey] (System.Collections.Generic.IEnumerable`1[T] source, System.Func`2[T,TResult] keySelector) [0x00000] in <599ef6b6d50f4e488ca73e2010b52436>:0 
  at UnityEditor.Scripting.ScriptCompilation.LoadingAssemblyDefinition.SetAllCustomScriptAssemblyReferenceJsonsContents (System.String[] paths, System.String[] contents) [0x00172] in <36f62d8e760b48f7af5d32916f997ce1>:0 
UnityEngine.DebugLogHandler:Internal_LogException(Exception, Object)
UnityEngine.DebugLogHandler:LogException(Exception, Object)
UnityEngine.Logger:LogException(Exception, Object)
UnityEngine.Debug:LogException(Exception)
UnityEditor.Scripting.ScriptCompilation.EditorCompilationInterface:LogException(Exception)
UnityEditor.Scripting.ScriptCompilation.EditorCompilationInterface:EmitExceptionsAsErrors(Exception[])
UnityEditor.Scripting.ScriptCompilation.EditorCompilationInterface:SetAllCustomScriptAssemblyReferenceJsons(String[], String[])

ArgumentException: An item with the same key has already been added. Key: 00000000000000000000000000000000
  at System.Collections.Generic.Dictionary`2[TKey,TValue].TryInsert (TKey key, TValue value, System.Collections.Generic.InsertionBehavior behavior) [0x0015a] in <d4cde64232cf45659d86aafa597faa77>:0 
  at System.Collections.Generic.Dictionary`2[TKey,TValue].Add (TKey key, TValue value) [0x00000] in <d4cde64232cf45659d86aafa597faa77>:0 
  at System.Linq.Enumerable.ToDictionary[TSource,TKey] (TSource[] source, System.Func`2[T,TResult] keySelector, System.Collections.Generic.IEqualityComparer`1[T] comparer) [0x0001c] in <599ef6b6d50f4e488ca73e2010b52436>:0 
  at System.Linq.Enumerable.ToDictionary[TSource,TKey] (System.Collections.Generic.IEnumerable`1[T] source, System.Func`2[T,TResult] keySelector, System.Collections.Generic.IEqualityComparer`1[T] comparer) [0x00043] in <599ef6b6d50f4e488ca73e2010b52436>:0 
  at System.Linq.Enumerable.ToDictionary[TSource,TKey] (System.Collections.Generic.IEnumerable`1[T] source, System.Func`2[T,TResult] keySelector) [0x00000] in <599ef6b6d50f4e488ca73e2010b52436>:0 
  at UnityEditor.Scripting.ScriptCompilation.LoadingAssemblyDefinition.SetAllCustomScriptAssemblyReferenceJsonsContents (System.String[] paths, System.String[] contents) [0x00172] in <36f62d8e760b48f7af5d32916f997ce1>:0 
UnityEngine.DebugLogHandler:Internal_LogException(Exception, Object)
UnityEngine.DebugLogHandler:LogException(Exception, Object)
UnityEngine.Logger:LogException(Exception, Object)
UnityEngine.Debug:LogException(Exception)
UnityEditor.Scripting.ScriptCompilation.EditorCompilationInterface:LogException(Exception)
UnityEditor.Scripting.ScriptCompilation.EditorCompilationInterface:EmitExceptionsAsErrors(Exception[])
UnityEditor.Scripting.ScriptCompilation.EditorCompilationInterface:SetAllCustomScriptAssemblyReferenceJsons(String[], String[])

ArgumentException: An item with the same key has already been added. Key: 00000000000000000000000000000000
  at System.Collections.Generic.Dictionary`2[TKey,TValue].TryInsert (TKey key, TValue value, System.Collections.Generic.InsertionBehavior behavior) [0x0015a] in <d4cde64232cf45659d86aafa597faa77>:0 
  at System.Collections.Generic.Dictionary`2[TKey,TValue].Add (TKey key, TValue value) [0x00000] in <d4cde64232cf45659d86aafa597faa77>:0 
  at System.Linq.Enumerable.ToDictionary[TSource,TKey] (TSource[] source, System.Func`2[T,TResult] keySelector, System.Collections.Generic.IEqualityComparer`1[T] comparer) [0x0001c] in <599ef6b6d50f4e488ca73e2010b52436>:0 
  at System.Linq.Enumerable.ToDictionary[TSource,TKey] (System.Collections.Generic.IEnumerable`1[T] source, System.Func`2[T,TResult] keySelector, System.Collections.Generic.IEqualityComparer`1[T] comparer) [0x00043] in <599ef6b6d50f4e488ca73e2010b52436>:0 
  at System.Linq.Enumerable.ToDictionary[TSource,TKey] (System.Collections.Generic.IEnumerable`1[T] source, System.Func`2[T,TResult] keySelector) [0x00000] in <599ef6b6d50f4e488ca73e2010b52436>:0 
  at UnityEditor.Scripting.ScriptCompilation.LoadingAssemblyDefinition.SetAllCustomScriptAssemblyReferenceJsonsContents (System.String[] paths, System.String[] contents) [0x00172] in <36f62d8e760b48f7af5d32916f997ce1>:0 
UnityEngine.DebugLogHandler:Internal_LogException(Exception, Object)
UnityEngine.DebugLogHandler:LogException(Exception, Object)
UnityEngine.Logger:LogException(Exception, Object)
UnityEngine.Debug:LogException(Exception)
UnityEditor.Scripting.ScriptCompilation.EditorCompilationInterface:LogException(Exception)
UnityEditor.Scripting.ScriptCompilation.EditorCompilationInterface:EmitExceptionsAsErrors(Exception[])
UnityEditor.Scripting.ScriptCompilation.EditorCompilationInterface:SetAllCustomScriptAssemblyReferenceJsons(String[], String[])

Begin MonoManager ReloadAssembly
Native extension for WindowsStandalone target not found
Native extension for WebGL target not found
Refreshing native plugins compatible for Editor in 1.23 ms, found 2 plugins.
Preloading 0 native plugins for Editor in 0.00 ms.
ArgumentException: An item with the same key has already been added. Key: 00000000000000000000000000000000
  at System.Collections.Generic.Dictionary`2[TKey,TValue].TryInsert (TKey key, TValue value, System.Collections.Generic.InsertionBehavior behavior) [0x0015a] in <d4cde64232cf45659d86aafa597faa77>:0 
  at System.Collections.Generic.Dictionary`2[TKey,TValue].Add (TKey key, TValue value) [0x00000] in <d4cde64232cf45659d86aafa597faa77>:0 
  at System.Linq.Enumerable.ToDictionary[TSource,TKey] (TSource[] source, System.Func`2[T,TResult] keySelector, System.Collections.Generic.IEqualityComparer`1[T] comparer) [0x0001c] in <599ef6b6d50f4e488ca73e2010b52436>:0 
  at System.Linq.Enumerable.ToDictionary[TSource,TKey] (System.Collections.Generic.IEnumerable`1[T] source, System.Func`2[T,TResult] keySelector, System.Collections.Generic.IEqualityComparer`1[T] comparer) [0x00043] in <599ef6b6d50f4e488ca73e2010b52436>:0 
  at System.Linq.Enumerable.ToDictionary[TSource,TKey] (System.Collections.Generic.IEnumerable`1[T] source, System.Func`2[T,TResult] keySelector) [0x00000] in <599ef6b6d50f4e488ca73e2010b52436>:0 
  at UnityEditor.Scripting.ScriptCompilation.LoadingAssemblyDefinition.SetAllCustomScriptAssemblyReferenceJsonsContents (System.String[] paths, System.String[] contents) [0x00172] in <36f62d8e760b48f7af5d32916f997ce1>:0 
UnityEngine.DebugLogHandler:Internal_LogException(Exception, Object)
UnityEngine.DebugLogHandler:LogException(Exception, Object)
UnityEngine.Logger:LogException(Exception, Object)
UnityEngine.Debug:LogException(Exception)
UnityEditor.Scripting.ScriptCompilation.EditorCompilationInterface:LogException(Exception)
UnityEditor.Scripting.ScriptCompilation.EditorCompilationInterface:EmitExceptionsAsErrors(Exception[])
UnityEditor.Scripting.ScriptCompilation.EditorCompilationInterface:SetAllCustomScriptAssemblyReferenceJsons(String[], String[])

ArgumentException: An item with the same key has already been added. Key: 00000000000000000000000000000000
  at System.Collections.Generic.Dictionary`2[TKey,TValue].TryInsert (TKey key, TValue value, System.Collections.Generic.InsertionBehavior behavior) [0x0015a] in <d4cde64232cf45659d86aafa597faa77>:0 
  at System.Collections.Generic.Dictionary`2[TKey,TValue].Add (TKey key, TValue value) [0x00000] in <d4cde64232cf45659d86aafa597faa77>:0 
  at System.Linq.Enumerable.ToDictionary[TSource,TKey] (TSource[] source, System.Func`2[T,TResult] keySelector, System.Collections.Generic.IEqualityComparer`1[T] comparer) [0x0001c] in <599ef6b6d50f4e488ca73e2010b52436>:0 
  at System.Linq.Enumerable.ToDictionary[TSource,TKey] (System.Collections.Generic.IEnumerable`1[T] source, System.Func`2[T,TResult] keySelector, System.Collections.Generic.IEqualityComparer`1[T] comparer) [0x00043] in <599ef6b6d50f4e488ca73e2010b52436>:0 
  at System.Linq.Enumerable.ToDictionary[TSource,TKey] (System.Collections.Generic.IEnumerable`1[T] source, System.Func`2[T,TResult] keySelector) [0x00000] in <599ef6b6d50f4e488ca73e2010b52436>:0 
  at UnityEditor.Scripting.ScriptCompilation.LoadingAssemblyDefinition.SetAllCustomScriptAssemblyReferenceJsonsContents (System.String[] paths, System.String[] contents) [0x00172] in <36f62d8e760b48f7af5d32916f997ce1>:0 
UnityEngine.DebugLogHandler:Internal_LogException(Exception, Object)
UnityEngine.DebugLogHandler:LogException(Exception, Object)
UnityEngine.Logger:LogException(Exception, Object)
UnityEngine.Debug:LogException(Exception)
UnityEditor.Scripting.ScriptCompilation.EditorCompilationInterface:LogException(Exception)
UnityEditor.Scripting.ScriptCompilation.EditorCompilationInterface:EmitExceptionsAsErrors(Exception[])
UnityEditor.Scripting.ScriptCompilation.EditorCompilationInterface:SetAllCustomScriptAssemblyReferenceJsons(String[], String[])

Mono: successfully reloaded assembly
- Completed reload, in  1.797 seconds
Domain Reload Profiling:
	ReloadAssembly (1798ms)
		BeginReloadAssembly (220ms)
			ExecutionOrderSort (0ms)
			DisableScriptedObjects (16ms)
			BackupInstance (0ms)
			ReleaseScriptingObjects (0ms)
			CreateAndSetChildDomain (83ms)
		EndReloadAssembly (1452ms)
			LoadAssemblies (113ms)
			RebuildTransferFunctionScriptingTraits (0ms)
			SetupTypeCache (324ms)
			ReleaseScriptCaches (3ms)
			RebuildScriptCaches (56ms)
			SetupLoadedEditorAssemblies (777ms)
				LogAssemblyErrors (0ms)
				InitializePlatformSupportModulesInManaged (19ms)
				SetLoadedEditorAssemblies (1ms)
				RefreshPlugins (1ms)
				BeforeProcessingInitializeOnLoad (160ms)
				ProcessInitializeOnLoadAttributes (352ms)
				ProcessInitializeOnLoadMethodAttributes (238ms)
				AfterProcessingInitializeOnLoad (7ms)
				EditorAssembliesLoaded (0ms)
			ExecutionOrderSort2 (0ms)
			AwakeInstancesAfterBackupRestoration (38ms)
Platform modules already initialized, skipping
Refreshing native plugins compatible for Editor in 4.66 ms, found 2 plugins.
Preloading 0 native plugins for Editor in 0.00 ms.
Unloading 3968 Unused Serialized files (Serialized files now loaded: 0)
Unloading 915 unused Assets / (1.2 MB). Loaded Objects now: 5324.
Memory consumption went from 181.1 MB to 179.8 MB.
Total: 9.325100 ms (FindLiveObjects: 0.498400 ms CreateObjectMapping: 0.324100 ms MarkObjects: 7.113500 ms  DeleteObjects: 1.387300 ms)

AssetImportParameters requested are different than current active one (requested -> active):
  custom:video-decoder-ogg-theora: a1e56fd34408186e4bbccfd4996cb3dc -> 
  custom:container-muxer-webm: aa71ff27fc2769a1b78a27578f13a17b -> 
  custom:container-demuxer-webm: 4f35f7cbe854078d1ac9338744f61a02 -> 
  custom:video-encoder-webm-vp8: eb34c28f22e8b96e1ab97ce403110664 -> 
  custom:audio-encoder-webm-vorbis: bf7c407c2cedff20999df2af8eb42d56 -> 
  custom:framework-win-MediaFoundation: 216162199b28c13a410421893ffa2e32 -> 
  custom:container-demuxer-ogg: 62fdf1f143b41e24485cea50d1cbac27 -> 
  custom:video-decoder-webm-vp8: 9c59270c3fd7afecdb556c50c9e8de78 -> 
  custom:audio-decoder-ogg-vorbis: bf7c407c2cedff20999df2af8eb42d56 -> 
